

HI-TECH Software PIC LITE Macro Assembler V9.83 build 10920 
                                                                                               Tue Mar 05 04:45:32 2013

HI-TECH Software Omniscient Code Generator (Lite mode) build 10920
     1  0000                     opt subtitle "HI-TECH Software Omniscient Code Generator (Lite mode) build 10920"
     2                           
     3                           opt pagewidth 120
     4                           
     5                           	opt lm
     6                           
     7                           	processor	16F917
     8                           clrc	macro
     9                           	bcf	3,0
    10  0000                     	endm
    11                           clrz	macro
    12                           	bcf	3,2
    13  0000                     	endm
    14                           setc	macro
    15                           	bsf	3,0
    16  0000                     	endm
    17                           setz	macro
    18                           	bsf	3,2
    19  0000                     	endm
    20                           skipc	macro
    21                           	btfss	3,0
    22  0000                     	endm
    23                           skipz	macro
    24                           	btfss	3,2
    25  0000                     	endm
    26                           skipnc	macro
    27                           	btfsc	3,0
    28  0000                     	endm
    29                           skipnz	macro
    30                           	btfsc	3,2
    31  0000                     	endm
    32  0000                     indf	equ	0
    33  0000                     indf0	equ	0
    34  0002                     pc	equ	2
    35  0002                     pcl	equ	2
    36  0003                     status	equ	3
    37  0004                     fsr	equ	4
    38  0004                     fsr0	equ	4
    39  0001                     c	equ	1
    40  0000                     z	equ	0
    41  000A                     pclath	equ	10
    42                           # 13 "encodermain.c"
    43                           	psect config,class=CONFIG,delta=2 ;#
    44                           # 13 "encodermain.c"
    45  2007  F4F4               	dw 0xFFFC & 0xFFF7 & 0xFFFF & 0xFFFF & 0xFFFF & 0xFFFF & 0xFCFF & 0xFFFF & 0xF7FF ;#
    46                           	FNROOT	_main
    47                           	global	_TMR1
    48                           psect	maintext,global,class=CODE,delta=2
    49                           global __pmaintext
    50  07E7                     __pmaintext:
    51  000E                     _TMR1	set	14
    52                           	global	_INTCON
    53  000B                     _INTCON	set	11
    54                           	global	_PORTD
    55  0008                     _PORTD	set	8
    56                           	global	_T1CON
    57  0010                     _T1CON	set	16
    58                           	global	_T1CONbits
    59  0010                     _T1CONbits	set	16
    60                           	global	_TMR0
    61  0001                     _TMR0	set	1
    62                           	global	_TMR1H
    63  000F                     _TMR1H	set	15
    64                           	global	_TMR1L
    65  000E                     _TMR1L	set	14
    66                           	global	_CARRY
    67  0018                     _CARRY	set	24
    68                           	global	_GIE
    69  005F                     _GIE	set	95
    70                           	global	_CMCON1
    71  0097                     _CMCON1	set	151
    72                           	global	_OPTION_REG
    73  0081                     _OPTION_REG	set	129
    74                           	global	_TRISD
    75  0088                     _TRISD	set	136
    76                           	global	_EEADR
    77  010D                     _EEADR	set	269
    78                           	global	_EEDATA
    79  010C                     _EEDATA	set	268
    80                           	global	_EECON1
    81  018C                     _EECON1	set	396
    82                           	global	_EECON2
    83  018D                     _EECON2	set	397
    84                           	global	_RD
    85  0C60                     _RD	set	3168
    86                           	global	_WR
    87  0C61                     _WR	set	3169
    88                           	global	_WREN
    89  0C62                     _WREN	set	3170
    90                           	file	"C:\Users\Alan\AppData\Local\Temp\s4nk."
    91                           	line	#
    92                           psect cinit,class=CODE,delta=2
    93                           global start_initialization
    94  07E3                     start_initialization:
    95                           
    96                           psect cinit,class=CODE,delta=2
    97                           global end_of_initialization
    98                           
    99                           ;End of C runtime variable initialization code
   100                           
   101  07E3                     end_of_initialization:
   102  07E3  0183               clrf status
   103  07E4  120A  118A  2FE7   ljmp _main	;jump to C main() function
   104                           psect	cstackCOMMON,class=COMMON,space=1
   105                           global __pcstackCOMMON
   106  0000                     __pcstackCOMMON:
   107                           	global	??_main
   108  0000                     ??_main:	; 0 bytes @ 0x0
   109                           	global	?_main
   110  0000                     ?_main:	; 2 bytes @ 0x0
   111 ;;Data sizes: Strings 0, constant 0, data 0, bss 0, persistent 0 stack 0
   112 ;;Auto spaces:   Size  Autos    Used
   113 ;; COMMON          14      0       0
   114 ;; BANK0           80      0       0
   115 ;; BANK1           80      0       0
   116 ;; BANK3           96      0       0
   117 ;; BANK2           80      0       0
   118                           
   119 ;;
   120 ;; Pointer list with targets:
   121                           
   122                           
   123                           
   124 ;;
   125 ;; Critical Paths under _main in COMMON
   126 ;;
   127 ;;   None.
   128 ;;
   129 ;; Critical Paths under _main in BANK0
   130 ;;
   131 ;;   None.
   132 ;;
   133 ;; Critical Paths under _main in BANK1
   134 ;;
   135 ;;   None.
   136 ;;
   137 ;; Critical Paths under _main in BANK3
   138 ;;
   139 ;;   None.
   140 ;;
   141 ;; Critical Paths under _main in BANK2
   142 ;;
   143 ;;   None.
   144                           
   145 ;;
   146 ;;Main: autosize = 0, tempsize = 0, incstack = 0, save=0
   147 ;;
   148                           
   149 ;;
   150 ;;Call Graph Tables:
   151 ;;
   152 ;; ---------------------------------------------------------------------------------
   153 ;; (Depth) Function   	        Calls       Base Space   Used Autos Params    Refs
   154 ;; ---------------------------------------------------------------------------------
   155 ;; (0) _main                                                 0     0      0       0
   156 ;; ---------------------------------------------------------------------------------
   157 ;; Estimated maximum stack depth 0
   158 ;; ---------------------------------------------------------------------------------
   159                           
   160 ;; Call Graph Graphs:
   161                           
   162 ;; _main (ROOT)
   163 ;;
   164                           
   165 ;; Address spaces:
   166                           
   167 ;;Name               Size   Autos  Total    Cost      Usage
   168 ;;BITCOMMON            E      0       0       0        0.0%
   169 ;;EEDATA             100      0       0       0        0.0%
   170 ;;NULL                 0      0       0       0        0.0%
   171 ;;CODE                 0      0       0       0        0.0%
   172 ;;COMMON               E      0       0       1        0.0%
   173 ;;BITSFR0              0      0       0       1        0.0%
   174 ;;SFR0                 0      0       0       1        0.0%
   175 ;;BITSFR1              0      0       0       2        0.0%
   176 ;;SFR1                 0      0       0       2        0.0%
   177 ;;STACK                0      0       0       2        0.0%
   178 ;;BITBANK0            50      0       0       3        0.0%
   179 ;;BANK0               50      0       0       4        0.0%
   180 ;;BITSFR3              0      0       0       4        0.0%
   181 ;;SFR3                 0      0       0       4        0.0%
   182 ;;BITBANK1            50      0       0       5        0.0%
   183 ;;BITSFR2              0      0       0       5        0.0%
   184 ;;SFR2                 0      0       0       5        0.0%
   185 ;;BANK1               50      0       0       6        0.0%
   186 ;;BITBANK3            60      0       0       7        0.0%
   187 ;;BANK3               60      0       0       8        0.0%
   188 ;;BANK2               50      0       0       9        0.0%
   189 ;;ABS                  0      0       0      10        0.0%
   190 ;;BITBANK2            50      0       0      11        0.0%
   191 ;;DATA                 0      0       0      12        0.0%
   192                           
   193                           	global	_main
   194                           psect	maintext
   195                           
   196 ;; *************** function _main *****************
   197 ;; Defined at:
   198 ;;		line 24 in file "encodermain.c"
   199 ;; Parameters:    Size  Location     Type
   200 ;;		None
   201 ;; Auto vars:     Size  Location     Type
   202 ;;		None
   203 ;; Return value:  Size  Location     Type
   204 ;;                  2  1490[COMMON] int 
   205 ;; Registers used:
   206 ;;		wreg, status,2
   207 ;; Tracked objects:
   208 ;;		On entry : 17F/0
   209 ;;		On exit  : 0/0
   210 ;;		Unchanged: 0/0
   211 ;; Data sizes:     COMMON   BANK0   BANK1   BANK3   BANK2
   212 ;;      Params:         0       0       0       0       0
   213 ;;      Locals:         0       0       0       0       0
   214 ;;      Temps:          0       0       0       0       0
   215 ;;      Totals:         0       0       0       0       0
   216 ;;Total ram usage:        0 bytes
   217 ;; This function calls:
   218 ;;		Nothing
   219 ;; This function is called by:
   220 ;;		Startup code after reset
   221 ;; This function uses a non-reentrant model
   222 ;;
   223                           psect	maintext
   224                           	file	"encodermain.c"
   225                           	line	24
   226                           	global	__size_of_main
   227  0019                     	__size_of_main	equ	__end_of_main-_main
   228                           	
   229  07E7                     _main:	
   230                           	opt	stack 8
   231                           ; Regs used in _main: [wreg+status,2]
   232                           	line	26
   233                           	
   234  07E7                     l4789:	
   235                           ;encodermain.c: 26: INTCON = 0;
   236  07E7  018B               	clrf	(11)	;volatile
   237                           	line	27
   238                           	
   239  07E8                     l4791:	
   240                           ;encodermain.c: 27: CMCON1 = 0x02;
   241  07E8  3002               	movlw	(02h)
   242  07E9  1683               	bsf	status, 5	;RP0=1, select bank1
   243  07EA  1303               	bcf	status, 6	;RP1=0, select bank1
   244  07EB  0097               	movwf	(151)^080h	;volatile
   245                           	line	28
   246                           	
   247  07EC                     l4793:	
   248                           ;encodermain.c: 28: T1CON = 0b00000110;
   249  07EC  3006               	movlw	(06h)
   250  07ED  1283               	bcf	status, 5	;RP0=0, select bank0
   251  07EE  1303               	bcf	status, 6	;RP1=0, select bank0
   252  07EF  0090               	movwf	(16)	;volatile
   253                           	line	31
   254                           ;encodermain.c: 31: TRISD = 0;
   255  07F0  1683               	bsf	status, 5	;RP0=1, select bank1
   256  07F1  1303               	bcf	status, 6	;RP1=0, select bank1
   257  07F2  0188               	clrf	(136)^080h	;volatile
   258                           	line	34
   259                           ;encodermain.c: 34: TMR1H = 0;
   260  07F3  1283               	bcf	status, 5	;RP0=0, select bank0
   261  07F4  1303               	bcf	status, 6	;RP1=0, select bank0
   262  07F5  018F               	clrf	(15)	;volatile
   263                           	line	35
   264                           ;encodermain.c: 35: TMR1L = 0;
   265  07F6  018E               	clrf	(14)	;volatile
   266  07F7  2FF8               	goto	l4795
   267                           	line	37
   268                           ;encodermain.c: 37: while (1)
   269                           	
   270  07F8                     l1491:	
   271                           	line	39
   272                           	
   273  07F8                     l4795:	
   274                           ;encodermain.c: 38: {
   275                           ;encodermain.c: 39: T1CONbits.TMR1ON = 1;
   276  07F8  1410               	bsf	(16),0	;volatile
   277                           	line	40
   278                           	
   279  07F9                     l4797:	
   280                           ;encodermain.c: 40: PORTD = TMR1L;
   281  07F9  080E               	movf	(14),w	;volatile
   282  07FA  0088               	movwf	(8)	;volatile
   283  07FB  2FF8               	goto	l4795
   284                           	line	41
   285                           	
   286  07FC                     l1492:	
   287                           	line	37
   288  07FC  2FF8               	goto	l4795
   289                           	
   290  07FD                     l1493:	
   291                           	line	49
   292                           ;encodermain.c: 41: }
   293                           ;encodermain.c: 48: return 1;
   294                           ;	Return value of _main is never used
   295                           	
   296  07FD                     l1494:	
   297                           	global	start
   298  07FD  120A  118A  2800   	ljmp	start
   299                           	opt stack 0
   300                           GLOBAL	__end_of_main
   301  0800                     	__end_of_main:
   302 ;; =============== function _main ends ============
   303                           
   304                           	signat	_main,90
   305                           psect	maintext
   306                           	global	btemp
   307  007E                     	btemp set 07Eh
   308                           
   309                           	DABS	1,126,2	;btemp
   310                           	global	wtemp0
   311  007E                     	wtemp0 set btemp


HI-TECH Software PICC Macro Assembler V9.83 build 10920 
Symbol Table                                                                                   Tue Mar 05 04:45:32 2013

                  _RD 0C60                    _WR 0C61                   _GIE 005F                  l1491 07F8  
                l1492 07FC                  l1493 07FD                  l1494 07FD                  l4791 07E8  
                l4793 07EC                  l4795 07F8                  l4797 07F9                  l4789 07E7  
                _TMR0 0001                  _TMR1 000E                  _WREN 0C62                  _main 07E7  
                btemp 007E                  start 0000                 ?_main 0000                 _EEADR 010D  
               _CARRY 0018                 _T1CON 0010                 _TMR1H 000F                 _TMR1L 000E  
               _PORTD 0008                 _TRISD 0088                 status 0003                 wtemp0 007E  
        __end_of_main 0800                ??_main 0000                _EEDATA 010C                _EECON1 018C  
              _EECON2 018D                _CMCON1 0097                _INTCON 000B        __pcstackCOMMON 0000  
          __pmaintext 07E7             _T1CONbits 0010  end_of_initialization 07E3   start_initialization 07E3  
       __size_of_main 0019            _OPTION_REG 0081  
