Build started 3/8/2013 12:37:24 PM.
     1>Project "D:\RoboWaiter\git\AStar\AStar\AStar\AStar.vcxproj" on node 2 (Build target(s)).
     1>ClCompile:
         C:\Program Files (x86)\Microsoft Visual Studio 11.0\VC\bin\CL.exe /c /ZI /nologo /W3 /WX- /Od /Oy- /D WIN32 /D _DEBUG /D _CONSOLE /D _UNICODE /D UNICODE /Gm /EHsc /RTC1 /MDd /GS /fp:precise /Zc:wchar_t /Zc:forScope /Fo"Debug\\" /Fd"Debug\vc110.pdb" /Gd /TP /analyze- /errorReport:prompt LocalPlanner.cpp
         LocalPlanner.cpp
     1>d:\robowaiter\git\astar\astar\astar\localplanner.cpp(32): warning C4305: '=' : truncation from 'double' to 'float'
     1>d:\robowaiter\git\astar\astar\astar\localplanner.cpp(33): warning C4305: '=' : truncation from 'double' to 'float'
     1>d:\robowaiter\git\astar\astar\astar\localplanner.cpp(34): warning C4305: '=' : truncation from 'double' to 'float'
     1>d:\robowaiter\git\astar\astar\astar\localplanner.cpp(35): warning C4305: '=' : truncation from 'double' to 'float'
     1>d:\robowaiter\git\astar\astar\astar\localplanner.cpp(36): warning C4305: '=' : truncation from 'double' to 'float'
     1>d:\robowaiter\git\astar\astar\astar\localplanner.cpp(37): warning C4305: '=' : truncation from 'double' to 'float'
     1>d:\robowaiter\git\astar\astar\astar\localplanner.cpp(38): warning C4305: '=' : truncation from 'double' to 'float'
     1>d:\robowaiter\git\astar\astar\astar\localplanner.cpp(39): warning C4305: '=' : truncation from 'double' to 'float'
     1>d:\robowaiter\git\astar\astar\astar\localplanner.cpp(40): warning C4305: '=' : truncation from 'double' to 'float'
     1>d:\robowaiter\git\astar\astar\astar\localplanner.cpp(41): warning C4305: '=' : truncation from 'double' to 'float'
     1>d:\robowaiter\git\astar\astar\astar\localplanner.cpp(73): warning C4244: '=' : conversion from 'double' to 'float', possible loss of data
     1>d:\robowaiter\git\astar\astar\astar\localplanner.cpp(116): warning C4244: '=' : conversion from 'float' to 'int', possible loss of data
     1>d:\robowaiter\git\astar\astar\astar\localplanner.cpp(117): warning C4244: '=' : conversion from 'float' to 'int', possible loss of data
     1>d:\robowaiter\git\astar\astar\astar\localplanner.cpp(140): warning C4244: '=' : conversion from 'int' to 'float', possible loss of data
     1>d:\robowaiter\git\astar\astar\astar\localplanner.cpp(141): warning C4244: '=' : conversion from 'int' to 'float', possible loss of data
     1>d:\robowaiter\git\astar\astar\astar\localplanner.cpp(147): warning C4244: 'return' : conversion from 'double' to 'float', possible loss of data
     1>d:\robowaiter\git\astar\astar\astar\localplanner.cpp(150): warning C4244: 'return' : conversion from 'double' to 'float', possible loss of data
     1>d:\robowaiter\git\astar\astar\astar\localplanner.cpp(153): warning C4244: 'return' : conversion from 'double' to 'float', possible loss of data
     1>d:\robowaiter\git\astar\astar\astar\localplanner.cpp(175): warning C4244: '=' : conversion from 'double' to 'float', possible loss of data
     1>d:\robowaiter\git\astar\astar\astar\localplanner.cpp(189): warning C4244: '=' : conversion from 'double' to 'float', possible loss of data
     1>d:\robowaiter\git\astar\astar\astar\localplanner.cpp(217): warning C4244: '=' : conversion from 'double' to 'float', possible loss of data
     1>d:\robowaiter\git\astar\astar\astar\localplanner.cpp(219): warning C4244: 'return' : conversion from 'float' to 'int', possible loss of data
       Link:
         C:\Program Files (x86)\Microsoft Visual Studio 11.0\VC\bin\link.exe /ERRORREPORT:PROMPT /OUT:"D:\RoboWaiter\git\AStar\AStar\Debug\AStar.exe" /INCREMENTAL /NOLOGO kernel32.lib user32.lib gdi32.lib winspool.lib comdlg32.lib advapi32.lib shell32.lib ole32.lib oleaut32.lib uuid.lib odbc32.lib odbccp32.lib /MANIFEST /MANIFESTUAC:"level='asInvoker' uiAccess='false'" /manifest:embed /DEBUG /PDB:"D:\RoboWaiter\git\AStar\AStar\Debug\AStar.pdb" /SUBSYSTEM:CONSOLE /TLBID:1 /DYNAMICBASE /NXCOMPAT /IMPLIB:"D:\RoboWaiter\git\AStar\AStar\Debug\AStar.lib" /MACHINE:X86 Debug\Cell.obj
         Debug\GlobalPlanner.obj
         Debug\LocalPlanner.obj
         Debug\main.obj
         AStar.vcxproj -> D:\RoboWaiter\git\AStar\AStar\Debug\AStar.exe
     1>Done Building Project "D:\RoboWaiter\git\AStar\AStar\AStar\AStar.vcxproj" (Build target(s)).

Build succeeded.

Time Elapsed 00:00:01.19
